<?xml version="1.0" encoding="UTF-8"?>
<!-- Generated by org.testng.reporters.JUnitXMLReporter -->
<testsuite ignored="0" hostname="CHOUDHARYSHAAB" failures="0" tests="3" name="SmokeTest" time="9.55" errors="0" timestamp="2025-10-14T16:51:13 IST">
  <testcase classname="types_Of_Executions.Demo1" name="case1" time="3.465"/>
  <testcase classname="types_Of_Executions.Demo2" name="case1" time="3.027"/>
  <testcase classname="types_Of_Executions.Demo3" name="case1" time="3.004"/>
</testsuite> <!-- SmokeTest -->
