<?xml version="1.0" encoding="UTF-8"?>
<!-- Generated by org.testng.reporters.JUnitXMLReporter -->
<testsuite ignored="0" hostname="CHOUDHARYSHAAB" failures="0" tests="3" name="Test" time="0.051" errors="0" timestamp="2025-10-15T17:02:23 IST">
  <testcase classname="config_ann_extra.ContactTest" name="createContactTest" time="0.009"/>
  <testcase classname="config_ann_extra.OrgTest" name="createOrgTest" time="0.001"/>
  <testcase classname="config_ann_extra.OppTest" name="createOppTest" time="0.001"/>
</testsuite> <!-- Test -->
